android/app/build/intermediates/manifest_merge_blame_file/debug/manifest-merger-blame-debug-report.txt
1<?xml version="1.0" encoding="utf-8"?>
2<manifest xmlns:android="http://schemas.android.com/apk/res/android"
3    package="com.koli.eos"
4    android:versionCode="1"
5    android:versionName="1.0" >
6
7    <uses-sdk
8        android:minSdkVersion="21"
9        android:targetSdkVersion="32" />
10
11    <uses-permission android:name="android.permission.SYSTEM_ALERT_WINDOW" />
11-->src\debug\AndroidManifest.xml:5:5-77
11-->src\debug\AndroidManifest.xml:5:22-75
12    <uses-permission android:name="android.permission.INTERNET" />
12-->src\main\AndroidManifest.xml:3:3-65
12-->src\main\AndroidManifest.xml:3:20-62
13    <uses-permission android:name="android.permission.ACCESS_WIFI_STATE" />
13-->[com.facebook.flipper:flipper:0.93.0] AndroidManifest.xml:16:5-76
13-->[com.facebook.flipper:flipper:0.93.0] AndroidManifest.xml:16:22-73
14
15    <application
15-->src\main\AndroidManifest.xml:5:3-20:17
16        android:name="com.koli.eos.MainApplication"
16-->src\main\AndroidManifest.xml:6:3-34
17        android:allowBackup="false"
17-->src\main\AndroidManifest.xml:10:3-30
18        android:appComponentFactory="androidx.core.app.CoreComponentFactory"
18-->[androidx.core:core:1.6.0] AndroidManifest.xml:24:18-86
19        android:debuggable="true"
20        android:icon="@mipmap/ic_launcher"
20-->src\main\AndroidManifest.xml:8:3-37
21        android:label="@string/app_name"
21-->src\main\AndroidManifest.xml:7:3-35
22        android:networkSecurityConfig="@xml/network_security_config"
22-->src\main\AndroidManifest.xml:12:3-63
23        android:roundIcon="@mipmap/ic_launcher"
23-->src\main\AndroidManifest.xml:9:3-42
24        android:supportsRtl="true"
24-->src\main\AndroidManifest.xml:13:3-29
25        android:theme="@style/AppTheme"
25-->src\main\AndroidManifest.xml:11:3-34
26        android:usesCleartextTraffic="true" >
26-->src\debug\AndroidManifest.xml:8:9-44
27        <activity android:name="com.facebook.react.devsupport.DevSettingsActivity" />
27-->src\debug\AndroidManifest.xml:11:9-86
27-->src\debug\AndroidManifest.xml:11:19-83
28        <activity
28-->src\main\AndroidManifest.xml:14:5-19:16
29            android:name="com.koli.eos.MainActivity"
29-->src\main\AndroidManifest.xml:14:15-43
30            android:configChanges="keyboard|keyboardHidden|orientation|screenSize|uiMode"
30-->src\main\AndroidManifest.xml:14:77-154
31            android:label="@string/app_name"
31-->src\main\AndroidManifest.xml:14:44-76
32            android:launchMode="singleTask"
32-->src\main\AndroidManifest.xml:14:155-186
33            android:windowSoftInputMode="adjustResize" >
33-->src\main\AndroidManifest.xml:14:187-229
34            <intent-filter>
34-->src\main\AndroidManifest.xml:15:7-18:23
35                <action android:name="android.intent.action.MAIN" />
35-->src\main\AndroidManifest.xml:16:9-61
35-->src\main\AndroidManifest.xml:16:17-58
36
37                <category android:name="android.intent.category.LAUNCHER" />
37-->src\main\AndroidManifest.xml:17:9-69
37-->src\main\AndroidManifest.xml:17:19-66
38            </intent-filter>
39        </activity>
40
41        <meta-data
41-->[com.github.bumptech.glide:okhttp3-integration:4.12.0] AndroidManifest.xml:11:9-13:43
42            android:name="com.bumptech.glide.integration.okhttp3.OkHttpGlideModule"
42-->[com.github.bumptech.glide:okhttp3-integration:4.12.0] AndroidManifest.xml:12:13-84
43            android:value="GlideModule" />
43-->[com.github.bumptech.glide:okhttp3-integration:4.12.0] AndroidManifest.xml:13:13-40
44    </application>
45
46</manifest>